<?xml version="1.0" encoding="UTF-8"?>
<testsuite name="hello.login.web.session.SessionManagerTest" tests="1" skipped="0" failures="0" errors="0" timestamp="2023-08-18T02:47:33" hostname="wonhuiui-MacBookPro.local" time="0.07">
  <properties/>
  <testcase name="sessionTest()" classname="hello.login.web.session.SessionManagerTest" time="0.07"/>
  <system-out><![CDATA[]]></system-out>
  <system-err><![CDATA[]]></system-err>
</testsuite>
